<?xml version="1.0" encoding="UTF-8"?>
<testsuite xmlns:xsi="http://www.w3.org/2001/XMLSchema-instance" xsi:noNamespaceSchemaLocation="https://maven.apache.org/surefire/maven-surefire-plugin/xsd/surefire-test-report-3.0.xsd" version="3.0" name="TestSuite" time="160.566" tests="5" errors="0" skipped="0" failures="0">
  <properties>
[...]
</properties>
  <testcase name="runScenario[&quot;To check the Creating New Customer Account page with valid and invalid data&quot;, &quot;Checking User Registration&quot;](1)" classname="com.LUMA.testRunner.LumaUserRegestrationTestRunner" time="19.673">
    <system-out><![CDATA[
Scenario Outline: To check the Creating New Customer Account page with valid and invalid data                                     &amp#27;[90m# src/test/resources/com.Luma.Feature/1s_UserRegistration.feature:20&amp#27;[0m
chrome Browser launched successfully
  &amp#27;[32mGiven &amp#27;[0m&amp#27;[32mUser opens the browser&amp#27;[0m                                                                                                    &amp#27;[90m# com.LUMA.stepDefinitions.UserRegestritionStepDefination.user_opens_the_browser()&amp#27;[0m
Navigated to: https://magento.softwaretestingboard.com/ 
  &amp#27;[32mAnd &amp#27;[0m&amp#27;[32mUser navigates to the application URL &amp#27;[0m&amp#27;[32m&amp#27;[1m"https://magento.softwaretestingboard.com/"&amp#27;[0m                                           &amp#27;[90m# com.LUMA.stepDefinitions.UserRegestritionStepDefination.user_navigates_to_the_application_url(java.lang.String)&amp#27;[0m
Clicked on Create New Account link
  &amp#27;[32mWhen &amp#27;[0m&amp#27;[32mUser clicks the link Create an account&amp#27;[0m                                                                                     &amp#27;[90m# com.LUMA.stepDefinitions.UserRegestritionStepDefination.user_clicks_the_link_create_an_account()&amp#27;[0m
Entered First Name: srikar
  &amp#27;[32mAnd &amp#27;[0m&amp#27;[32mUser enters the valid &amp#27;[0m&amp#27;[32m&amp#27;[1m'srikar'&amp#27;[0m&amp#27;[32m in firstname textbox&amp#27;[0m                                                                         &amp#27;[90m# com.LUMA.stepDefinitions.UserRegestritionStepDefination.user_enters_the_valid_in_firstname_textbox(java.lang.String)&amp#27;[0m
Entered Last Name: suggu
  &amp#27;[32mAnd &amp#27;[0m&amp#27;[32mUser enters the valid &amp#27;[0m&amp#27;[32m&amp#27;[1m'suggu'&amp#27;[0m&amp#27;[32m in lastname textbox&amp#27;[0m                                                                           &amp#27;[90m# com.LUMA.stepDefinitions.UserRegestritionStepDefination.user_enters_the_valid_in_lastname_textbox(java.lang.String)&amp#27;[0m
Entered Email: fgguwey
  &amp#27;[32mAnd &amp#27;[0m&amp#27;[32mUser enters the invalid &amp#27;[0m&amp#27;[32m&amp#27;[1m'fgguwey'&amp#27;[0m&amp#27;[32m in email textbox&amp#27;[0m                                                                          &amp#27;[90m# com.LUMA.stepDefinitions.UserRegestritionStepDefination.user_enters_the_invalid_in_email_textbox(java.lang.String)&amp#27;[0m
Entered Password
  &amp#27;[32mAnd &amp#27;[0m&amp#27;[32mUser enters the valid &amp#27;[0m&amp#27;[32m&amp#27;[1m'Pass@1234'&amp#27;[0m&amp#27;[32m in password textbox&amp#27;[0m                                                                       &amp#27;[90m# com.LUMA.stepDefinitions.UserRegestritionStepDefination.user_enters_the_valid_in_password_textbox(java.lang.String)&amp#27;[0m
Entered Confirm Password
  &amp#27;[32mAnd &amp#27;[0m&amp#27;[32mUser enters the valid &amp#27;[0m&amp#27;[32m&amp#27;[1m'Pass@1234'&amp#27;[0m&amp#27;[32m in confirm password textbox&amp#27;[0m                                                               &amp#27;[90m# com.LUMA.stepDefinitions.UserRegestritionStepDefination.user_enters_the_valid_in_confirm_password_textbox(java.lang.String)&amp#27;[0m
Clicked Create an Account
  &amp#27;[32mAnd &amp#27;[0m&amp#27;[32mUser clicks the Create an account button&amp#27;[0m                                                                                    &amp#27;[90m# com.LUMA.stepDefinitions.UserRegestritionStepDefination.user_clicks_the_create_an_account_button()&amp#27;[0m
Email Error Message: Please enter a valid email address (Ex: johndoe@domain.com).
  &amp#27;[32mThen &amp#27;[0m&amp#27;[32mUser verifies the &amp#27;[0m&amp#27;[32m&amp#27;[1m'Please enter a valid email address (Ex: johndoe@domain.com).'&amp#27;[0m&amp#27;[32m message displayed under the email textbox&amp#27;[0m &amp#27;[90m# com.LUMA.stepDefinitions.UserRegestritionStepDefination.user_verifies_the_message_displayed_under_the_email_textbox(java.lang.String)&amp#27;[0m
Entered Email: srikarsugu43@gmail.com
  &amp#27;[32mWhen &amp#27;[0m&amp#27;[32mUser re-enters the email with valid data &amp#27;[0m&amp#27;[32m&amp#27;[1m'srikarsugu43@gmail.com'&amp#27;[0m                                                          &amp#27;[90m# com.LUMA.stepDefinitions.UserRegestritionStepDefination.user_re_enters_the_email_with_valid_data(java.lang.String)&amp#27;[0m
Clicked Create an Account
  &amp#27;[32mAnd &amp#27;[0m&amp#27;[32mUser clicks the Create an account button&amp#27;[0m                                                                                    &amp#27;[90m# com.LUMA.stepDefinitions.UserRegestritionStepDefination.user_clicks_the_create_an_account_button()&amp#27;[0m
  &amp#27;[32mThen &amp#27;[0m&amp#27;[32mUser verifies thank you &amp#27;[0m&amp#27;[32m&amp#27;[1m'Thank you for registering with Main Website Store.'&amp#27;[0m&amp#27;[32m in the next page&amp#27;[0m                              &amp#27;[90m# com.LUMA.stepDefinitions.UserRegestritionStepDefination.user_verifies_thank_you_in_the_next_page(java.lang.String)&amp#27;[0m
Browser closed successfully
]]></system-out>
    <system-err><![CDATA[SLF4J: Failed to load class "org.slf4j.impl.StaticLoggerBinder".
SLF4J: Defaulting to no-operation (NOP) logger implementation
SLF4J: See http://www.slf4j.org/codes.html#StaticLoggerBinder for further details.
Mar 26, 2025 9:39:45 AM org.openqa.selenium.devtools.CdpVersionFinder findNearestMatch
WARNING: Unable to find an exact match for CDP version 134, returning the closest version; found: 133; Please update to a Selenium version that supports CDP version 134
]]></system-err>
  </testcase>
  <testcase name="runScenario[&quot;To check the Sign In functionality, auto-suggestion feature in search, and addition of product to the cart&quot;, &quot;Checking Login, Product Search, and Adding Product to Cart&quot;](2)" classname="com.LUMA.testRunner.LumaUserRegestrationTestRunner" time="31.346">
    <system-out><![CDATA[
Scenario Outline: To check the Sign In functionality, auto-suggestion feature in search, and addition of product to the cart              &amp#27;[90m# src/test/resources/com.Luma.Feature/2s_login_and_product_search.feature:20&amp#27;[0m
chrome Browser launched successfully
  &amp#27;[32mGiven &amp#27;[0m&amp#27;[32mUser opens the browser&amp#27;[0m                                                                                                            &amp#27;[90m# com.LUMA.stepDefinitions.UserRegestritionStepDefination.user_opens_the_browser()&amp#27;[0m
Navigated to: https://magento.softwaretestingboard.com/ 
  &amp#27;[32mAnd &amp#27;[0m&amp#27;[32mUser navigates to the application URL &amp#27;[0m&amp#27;[32m&amp#27;[1m"https://magento.softwaretestingboard.com/"&amp#27;[0m                                                   &amp#27;[90m# com.LUMA.stepDefinitions.UserRegestritionStepDefination.user_navigates_to_the_application_url(java.lang.String)&amp#27;[0m
Clicked on Sign In link
  &amp#27;[32mWhen &amp#27;[0m&amp#27;[32mUser clicks the &amp#27;[0m&amp#27;[32m&amp#27;[1m"Sign In"&amp#27;[0m&amp#27;[32m link on the homepage&amp#27;[0m                                                                                     &amp#27;[90m# com.LUMA.stepDefinitions.ProductSearchAddToCartStepDefenation.user_clicks_the_link_on_the_homepage(java.lang.String)&amp#27;[0m
2025-03-26T04:10:11.102041700Z main ERROR Log4j API could not find a logging provider.
  &amp#27;[32mAnd &amp#27;[0m&amp#27;[32mUser enters the valid Login Credentials&amp#27;[0m                                                                                             &amp#27;[90m# com.LUMA.stepDefinitions.ProductSearchAddToCartStepDefenation.user_enters_the_valid_login_credentials(io.cucumber.datatable.DataTable)&amp#27;[0m
    | ExcelData.xlsx |
  &amp#27;[32mAnd &amp#27;[0m&amp#27;[32mUser clicks the &amp#27;[0m&amp#27;[32m&amp#27;[1m"Sign In"&amp#27;[0m&amp#27;[32m button&amp#27;[0m                                                                                                    &amp#27;[90m# com.LUMA.stepDefinitions.SignINStepdefination.user_clicks_the_button(java.lang.String)&amp#27;[0m
Entered search query: jacket
  &amp#27;[32mAnd &amp#27;[0m&amp#27;[32mUser enters the data &amp#27;[0m&amp#27;[32m&amp#27;[1m"jacket"&amp#27;[0m&amp#27;[32m in the search textbox&amp#27;[0m                                                                                 &amp#27;[90m# com.LUMA.stepDefinitions.ProductSearchAddToCartStepDefenation.user_enters_the_data_in_the_search_textbox(java.lang.String)&amp#27;[0m
jacket
Jacket for men
  &amp#27;[32mAnd &amp#27;[0m&amp#27;[32mUser selects jackets for men from the auto-suggestion list  &amp#27;[0m&amp#27;[32m&amp#27;[1m'Jacket for men'&amp#27;[0m                                                        &amp#27;[90m# com.LUMA.stepDefinitions.ProductSearchAddToCartStepDefenation.user_selects_jackets_for_men_from_the_auto_suggestion_list(java.lang.String)&amp#27;[0m
Found suggestion: Adrienne Trek Jacket
Found suggestion: Inez Full Zip Jacket
Found suggestion: Riona Full Zip Jacket
Found suggestion: Josie Yoga Jacket
Found suggestion: Typhon Performance Fleece-lined Jacket
Product found and clicked: Typhon Performance Fleece-lined Jacket
  &amp#27;[32mAnd &amp#27;[0m&amp#27;[32mUser clicks on the &amp#27;[0m&amp#27;[32m&amp#27;[1m'Typhon Performance Fleece-lined Jacket'&amp#27;[0m&amp#27;[32m  from the search results&amp#27;[0m                                                &amp#27;[90m# com.LUMA.stepDefinitions.ProductSearchAddToCartStepDefenation.user_clicks_on_the_from_the_search_results(java.lang.String)&amp#27;[0m
Selected size: XL
Selected color: Black
Entered quantity: 1
  &amp#27;[32mAnd &amp#27;[0m&amp#27;[32mUser selects size, color, and quantity from&amp#27;[0m                                                                                         &amp#27;[90m# com.LUMA.stepDefinitions.ProductSearchAddToCartStepDefenation.user_selects_size_color_and_quantity_from(io.cucumber.datatable.DataTable)&amp#27;[0m
    | ExcelData.xlsx |
Clicked on Add to Cart button
  &amp#27;[32mAnd &amp#27;[0m&amp#27;[32mUser clicks the Add to Cart button&amp#27;[0m                                                                                                  &amp#27;[90m# com.LUMA.stepDefinitions.ProductSearchAddToCartStepDefenation.user_clicks_the_add_to_cart_button()&amp#27;[0m
Cart message: You added Typhon Performance Fleece-lined Jacket to your shopping cart.
  &amp#27;[32mThen &amp#27;[0m&amp#27;[32mVerify whether the product is added to cart with message &amp#27;[0m&amp#27;[32m&amp#27;[1m'You added Typhon Performance Fleece-lined Jacket to your shopping cart.'&amp#27;[0m &amp#27;[90m# com.LUMA.stepDefinitions.ProductSearchAddToCartStepDefenation.verify_whether_the_product_is_added_to_cart_with_message(java.lang.String)&amp#27;[0m
Browser closed successfully
]]></system-out>
    <system-err><![CDATA[Mar 26, 2025 9:40:03 AM org.openqa.selenium.devtools.CdpVersionFinder findNearestMatch
WARNING: Unable to find an exact match for CDP version 134, returning the closest version; found: 133; Please update to a Selenium version that supports CDP version 134
]]></system-err>
  </testcase>
  <testcase name="runScenario[&quot;To check the Login functionality with valid and invalid credentials&quot;, &quot;Checking Login with Valid and Invalid Credentials&quot;](3)" classname="com.LUMA.testRunner.LumaUserRegestrationTestRunner" time="20.495">
    <system-out><![CDATA[
Scenario Outline: To check the Login functionality with valid and invalid credentials                                                                &amp#27;[90m# src/test/resources/com.Luma.Feature/4s_login_valid_invalid.feature:17&amp#27;[0m
chrome Browser launched successfully
  &amp#27;[32mGiven &amp#27;[0m&amp#27;[32mUser opens the browser&amp#27;[0m                                                                                                                       &amp#27;[90m# com.LUMA.stepDefinitions.UserRegestritionStepDefination.user_opens_the_browser()&amp#27;[0m
Navigated to: https://magento.softwaretestingboard.com/ 
  &amp#27;[32mAnd &amp#27;[0m&amp#27;[32mUser navigates to the application URL &amp#27;[0m&amp#27;[32m&amp#27;[1m"https://magento.softwaretestingboard.com/"&amp#27;[0m                                                              &amp#27;[90m# com.LUMA.stepDefinitions.UserRegestritionStepDefination.user_navigates_to_the_application_url(java.lang.String)&amp#27;[0m
Clicked on Sign In link
  &amp#27;[32mWhen &amp#27;[0m&amp#27;[32mUser clicks the link &amp#27;[0m&amp#27;[32m&amp#27;[1m"Sign In"&amp#27;[0m                                                                                                                &amp#27;[90m# com.LUMA.stepDefinitions.SignINStepdefination.user_clicks_the_link(java.lang.String)&amp#27;[0m
  &amp#27;[32mAnd &amp#27;[0m&amp#27;[32mUser enters invalid email &amp#27;[0m&amp#27;[32m&amp#27;[1m'invalid@gmail.com'&amp#27;[0m&amp#27;[32m and password &amp#27;[0m&amp#27;[32m&amp#27;[1m'Pass@1234'&amp#27;[0m                                                                         &amp#27;[90m# com.LUMA.stepDefinitions.SignINStepdefination.user_enters_invalid_email_and_password(java.lang.String,java.lang.String)&amp#27;[0m
  &amp#27;[32mAnd &amp#27;[0m&amp#27;[32mUser clicks the &amp#27;[0m&amp#27;[32m&amp#27;[1m"Sign In"&amp#27;[0m&amp#27;[32m button&amp#27;[0m                                                                                                               &amp#27;[90m# com.LUMA.stepDefinitions.SignINStepdefination.user_clicks_the_button(java.lang.String)&amp#27;[0m
Error message verified successfully.
  &amp#27;[32mThen &amp#27;[0m&amp#27;[32mUser verifies the error message &amp#27;[0m&amp#27;[32m&amp#27;[1m"The account sign-in was incorrect or your account is disabled temporarily. Please wait and try again later."&amp#27;[0m &amp#27;[90m# com.LUMA.stepDefinitions.SignINStepdefination.user_verifies_the_error_message(java.lang.String)&amp#27;[0m
  &amp#27;[32mWhen &amp#27;[0m&amp#27;[32mUser enters valid credentials from&amp#27;[0m                                                                                                            &amp#27;[90m# com.LUMA.stepDefinitions.SignINStepdefination.user_enters_valid_credentials_from(io.cucumber.datatable.DataTable)&amp#27;[0m
    | ExcelData.xlsx |
  &amp#27;[32mAnd &amp#27;[0m&amp#27;[32mUser clicks the &amp#27;[0m&amp#27;[32m&amp#27;[1m"Sign In"&amp#27;[0m&amp#27;[32m button&amp#27;[0m                                                                                                               &amp#27;[90m# com.LUMA.stepDefinitions.SignINStepdefination.user_clicks_the_button(java.lang.String)&amp#27;[0m
Homepage text: Home Page
Login successful and 'My Account' page is displayed.
  &amp#27;[32mThen &amp#27;[0m&amp#27;[32mUser verifies that &amp#27;[0m&amp#27;[32m&amp#27;[1m"Home Page"&amp#27;[0m&amp#27;[32m is displayed after login&amp#27;[0m                                                                                       &amp#27;[90m# com.LUMA.stepDefinitions.SignINStepdefination.user_verifies_that_is_displayed_after_login(java.lang.String)&amp#27;[0m
Browser closed successfully
]]></system-out>
    <system-err><![CDATA[Mar 26, 2025 9:40:34 AM org.openqa.selenium.devtools.CdpVersionFinder findNearestMatch
WARNING: Unable to find an exact match for CDP version 134, returning the closest version; found: 133; Please update to a Selenium version that supports CDP version 134
]]></system-err>
  </testcase>
  <testcase name="runScenario[&quot;Adding Multiple Products to Cart &amp; Validating Cart Summary&quot;, &quot;Adding Multiple Products to Cart &amp; Validating Cart Summary&quot;](4)" classname="com.LUMA.testRunner.LumaUserRegestrationTestRunner" time="58.651">
    <system-out><![CDATA[
Scenario Outline: Adding Multiple Products to Cart & Validating Cart Summary                                                                &amp#27;[90m# src/test/resources/com.Luma.Feature/5s_AddMultipleProducts.feature:30&amp#27;[0m
chrome Browser launched successfully
  &amp#27;[32mGiven &amp#27;[0m&amp#27;[32mUser opens the browser&amp#27;[0m                                                                                                              &amp#27;[90m# com.LUMA.stepDefinitions.UserRegestritionStepDefination.user_opens_the_browser()&amp#27;[0m
Navigated to: https://magento.softwaretestingboard.com/ 
  &amp#27;[32mAnd &amp#27;[0m&amp#27;[32mUser navigates to the application URL &amp#27;[0m&amp#27;[32m&amp#27;[1m"https://magento.softwaretestingboard.com/"&amp#27;[0m                                                     &amp#27;[90m# com.LUMA.stepDefinitions.UserRegestritionStepDefination.user_navigates_to_the_application_url(java.lang.String)&amp#27;[0m
Clicked on Sign In link
  &amp#27;[32mWhen &amp#27;[0m&amp#27;[32mUser clicks the &amp#27;[0m&amp#27;[32m&amp#27;[1m"Sign In"&amp#27;[0m&amp#27;[32m link on the homepage&amp#27;[0m                                                                                       &amp#27;[90m# com.LUMA.stepDefinitions.ProductSearchAddToCartStepDefenation.user_clicks_the_link_on_the_homepage(java.lang.String)&amp#27;[0m
  &amp#27;[32mAnd &amp#27;[0m&amp#27;[32mUser enters the valid Login Credentials&amp#27;[0m                                                                                               &amp#27;[90m# com.LUMA.stepDefinitions.ProductSearchAddToCartStepDefenation.user_enters_the_valid_login_credentials(io.cucumber.datatable.DataTable)&amp#27;[0m
    | ExcelData.xlsx |
  &amp#27;[32mAnd &amp#27;[0m&amp#27;[32mUser clicks the &amp#27;[0m&amp#27;[32m&amp#27;[1m"Sign In"&amp#27;[0m&amp#27;[32m button&amp#27;[0m                                                                                                      &amp#27;[90m# com.LUMA.stepDefinitions.SignINStepdefination.user_clicks_the_button(java.lang.String)&amp#27;[0m
  &amp#27;[32mAnd &amp#27;[0m&amp#27;[32mUser clear the cart elements&amp#27;[0m                                                                                                          &amp#27;[90m# com.LUMA.stepDefinitions.AddingMultipleProductsStepDefination.user_clear_the_cart_elements()&amp#27;[0m
Entered search query: Jacket
  &amp#27;[32mAnd &amp#27;[0m&amp#27;[32mUser enters the data jacket &amp#27;[0m&amp#27;[32m&amp#27;[1m"Jacket"&amp#27;[0m&amp#27;[32m in the search textbox&amp#27;[0m                                                                            &amp#27;[90m# com.LUMA.stepDefinitions.AddingMultipleProductsStepDefination.user_enters_the_data_jacket_in_the_search_textbox(java.lang.String)&amp#27;[0m
jacket
Jacket for men
  &amp#27;[32mAnd &amp#27;[0m&amp#27;[32mUser selects jacket for men from the auto-suggestion list  &amp#27;[0m&amp#27;[32m&amp#27;[1m'Jacket for men'&amp#27;[0m                                                           &amp#27;[90m# com.LUMA.stepDefinitions.AddingMultipleProductsStepDefination.user_selects_jacket_for_men_from_the_auto_suggestion_list(java.lang.String)&amp#27;[0m
Found suggestion: Adrienne Trek Jacket
Found suggestion: Inez Full Zip Jacket
Found suggestion: Riona Full Zip Jacket
Found suggestion: Josie Yoga Jacket
Found suggestion: Typhon Performance Fleece-lined Jacket
Product found and clicked: Typhon Performance Fleece-lined Jacket
  &amp#27;[32mAnd &amp#27;[0m&amp#27;[32mUser clicks on the &amp#27;[0m&amp#27;[32m&amp#27;[1m'Typhon Performance Fleece-lined Jacket'&amp#27;[0m&amp#27;[32m  from the search results&amp#27;[0m                                                  &amp#27;[90m# com.LUMA.stepDefinitions.ProductSearchAddToCartStepDefenation.user_clicks_on_the_from_the_search_results(java.lang.String)&amp#27;[0m
Selected size: XL
Selected color: Black
Entered quantity: 1
  &amp#27;[32mAnd &amp#27;[0m&amp#27;[32mUser selects size, color, and quantity from&amp#27;[0m                                                                                           &amp#27;[90m# com.LUMA.stepDefinitions.ProductSearchAddToCartStepDefenation.user_selects_size_color_and_quantity_from(io.cucumber.datatable.DataTable)&amp#27;[0m
    | ExcelData.xlsx |
Clicked on Add to Cart button
  &amp#27;[32mAnd &amp#27;[0m&amp#27;[32mUser clicks the Add to Cart button&amp#27;[0m                                                                                                    &amp#27;[90m# com.LUMA.stepDefinitions.ProductSearchAddToCartStepDefenation.user_clicks_the_add_to_cart_button()&amp#27;[0m
Cart message: You added Typhon Performance Fleece-lined Jacket to your shopping cart.
  &amp#27;[32mThen &amp#27;[0m&amp#27;[32mVerify whether the product is added to cart with message &amp#27;[0m&amp#27;[32m&amp#27;[1m'You added Typhon Performance Fleece-lined Jacket to your shopping cart.'&amp#27;[0m   &amp#27;[90m# com.LUMA.stepDefinitions.ProductSearchAddToCartStepDefenation.verify_whether_the_product_is_added_to_cart_with_message(java.lang.String)&amp#27;[0m
Entered search query: tshirts
  &amp#27;[32mAnd &amp#27;[0m&amp#27;[32mUser enters the data jackets &amp#27;[0m&amp#27;[32m&amp#27;[1m"tshirts"&amp#27;[0m&amp#27;[32m in the search textbox&amp#27;[0m                                                                          &amp#27;[90m# com.LUMA.stepDefinitions.AddingMultipleProductsStepDefination.user_enters_the_data_jackets_in_the_search_textbox(java.lang.String)&amp#27;[0m
tshirts for men
tshirts for women
tshirts for man
  &amp#27;[32mAnd &amp#27;[0m&amp#27;[32mUser selects tshirts for man from the auto-suggestion list  &amp#27;[0m&amp#27;[32m&amp#27;[1m'tshirts for man'&amp#27;[0m                                                         &amp#27;[90m# com.LUMA.stepDefinitions.AddingMultipleProductsStepDefination.user_selects_tshirts_for_man_from_the_auto_suggestion_list(java.lang.String)&amp#27;[0m
Found suggestion: Riona Full Zip Jacket
Found suggestion: Atomic Endurance Running Tee (Crew-Neck)
Product found and clicked: Atomic Endurance Running Tee (Crew-Neck)
  &amp#27;[32mAnd &amp#27;[0m&amp#27;[32mUser clicks on the &amp#27;[0m&amp#27;[32m&amp#27;[1m'Atomic Endurance Running Tee (Crew-Neck)'&amp#27;[0m&amp#27;[32m  from the search results&amp#27;[0m                                                &amp#27;[90m# com.LUMA.stepDefinitions.ProductSearchAddToCartStepDefenation.user_clicks_on_the_from_the_search_results(java.lang.String)&amp#27;[0m
Selected size: XL
Selected color: Black
Entered quantity: 1
  &amp#27;[32mAnd &amp#27;[0m&amp#27;[32mUser selects size, color, and quantity from&amp#27;[0m                                                                                           &amp#27;[90m# com.LUMA.stepDefinitions.ProductSearchAddToCartStepDefenation.user_selects_size_color_and_quantity_from(io.cucumber.datatable.DataTable)&amp#27;[0m
    | ExcelData.xlsx |
Clicked on Add to Cart button
  &amp#27;[32mAnd &amp#27;[0m&amp#27;[32mUser clicks the Add to Cart button&amp#27;[0m                                                                                                    &amp#27;[90m# com.LUMA.stepDefinitions.ProductSearchAddToCartStepDefenation.user_clicks_the_add_to_cart_button()&amp#27;[0m
Cart message: You added Atomic Endurance Running Tee (Crew-Neck) to your shopping cart.
  &amp#27;[32mThen &amp#27;[0m&amp#27;[32mVerify whether the product is added to cart with message &amp#27;[0m&amp#27;[32m&amp#27;[1m'You added Atomic Endurance Running Tee (Crew-Neck) to your shopping cart.'&amp#27;[0m &amp#27;[90m# com.LUMA.stepDefinitions.ProductSearchAddToCartStepDefenation.verify_whether_the_product_is_added_to_cart_with_message(java.lang.String)&amp#27;[0m
Clicked on Add to Cart Symbol
  &amp#27;[32mAnd &amp#27;[0m&amp#27;[32mUser click on cart icon&amp#27;[0m                                                                                                               &amp#27;[90m# com.LUMA.stepDefinitions.AddingMultipleProductsStepDefination.user_click_on_cart_icon()&amp#27;[0m
Cart Amount: $89.00
Cart Total: $89.00
  &amp#27;[32mThen &amp#27;[0m&amp#27;[32mVerify whether the products are added to cart with message and total price &amp#27;[0m&amp#27;[32m&amp#27;[1m"$89.00"&amp#27;[0m                                                  &amp#27;[90m# com.LUMA.stepDefinitions.AddingMultipleProductsStepDefination.verify_whether_the_products_are_added_to_cart_with_message_and_total_price(java.lang.String)&amp#27;[0m
Browser closed successfully
]]></system-out>
    <system-err><![CDATA[Mar 26, 2025 9:40:55 AM org.openqa.selenium.devtools.CdpVersionFinder findNearestMatch
WARNING: Unable to find an exact match for CDP version 134, returning the closest version; found: 133; Please update to a Selenium version that supports CDP version 134
]]></system-err>
  </testcase>
  <testcase name="runScenario[&quot;To check the Logout functionality&quot;, &quot;Checking Logout Functionality&quot;](5)" classname="com.LUMA.testRunner.LumaUserRegestrationTestRunner" time="25.814">
    <system-out><![CDATA[
Scenario Outline: To check the Logout functionality                                     &amp#27;[90m# src/test/resources/com.Luma.Feature/6s_logout.feature:15&amp#27;[0m
chrome Browser launched successfully
  &amp#27;[32mGiven &amp#27;[0m&amp#27;[32mUser opens the browser&amp#27;[0m                                                          &amp#27;[90m# com.LUMA.stepDefinitions.UserRegestritionStepDefination.user_opens_the_browser()&amp#27;[0m
Navigated to: https://magento.softwaretestingboard.com/ 
  &amp#27;[32mAnd &amp#27;[0m&amp#27;[32mUser navigates to the application URL &amp#27;[0m&amp#27;[32m&amp#27;[1m"https://magento.softwaretestingboard.com/"&amp#27;[0m &amp#27;[90m# com.LUMA.stepDefinitions.UserRegestritionStepDefination.user_navigates_to_the_application_url(java.lang.String)&amp#27;[0m
Clicked on Sign In link
  &amp#27;[32mWhen &amp#27;[0m&amp#27;[32mUser clicks the link &amp#27;[0m&amp#27;[32m&amp#27;[1m"Sign In"&amp#27;[0m                                                   &amp#27;[90m# com.LUMA.stepDefinitions.SignINStepdefination.user_clicks_the_link(java.lang.String)&amp#27;[0m
User logged in with valid credentials
  &amp#27;[32mAnd &amp#27;[0m&amp#27;[32mUser enters valid email &amp#27;[0m&amp#27;[32m&amp#27;[1m'srikarsugu3@gmail.com'&amp#27;[0m&amp#27;[32m and password &amp#27;[0m&amp#27;[32m&amp#27;[1m'Pass@1234'&amp#27;[0m          &amp#27;[90m# com.LUMA.stepDefinitions.LogOutStepDefination.user_enters_valid_email_and_password(java.lang.String,java.lang.String)&amp#27;[0m
  &amp#27;[32mAnd &amp#27;[0m&amp#27;[32mUser clicks the &amp#27;[0m&amp#27;[32m&amp#27;[1m"Sign In"&amp#27;[0m&amp#27;[32m button&amp#27;[0m                                                  &amp#27;[90m# com.LUMA.stepDefinitions.SignINStepdefination.user_clicks_the_button(java.lang.String)&amp#27;[0m
Clicked on account dropdown
Clicked on logout
User clicked on Logout from My Account page
  &amp#27;[32mWhen &amp#27;[0m&amp#27;[32mUser clicks &amp#27;[0m&amp#27;[32m&amp#27;[1m"Logout"&amp#27;[0m&amp#27;[32m from &amp#27;[0m&amp#27;[32m&amp#27;[1m"My Account"&amp#27;[0m&amp#27;[32m  page&amp#27;[0m                                     &amp#27;[90m# com.LUMA.stepDefinitions.LogOutStepDefination.user_clicks_from_page(java.lang.String,java.lang.String)&amp#27;[0m
You are signed out
Session ended and user redirected to homepage
  &amp#27;[32mThen &amp#27;[0m&amp#27;[32mUser verifies that the session ends and the user is redirected to the homepage&amp#27;[0m   &amp#27;[90m# com.LUMA.stepDefinitions.LogOutStepDefination.user_verifies_that_the_session_ends_and_the_user_is_redirected_to_the_homepage()&amp#27;[0m
Home Page is displayed successfully
  &amp#27;[32mAnd &amp#27;[0m&amp#27;[32mUser verifies the &amp#27;[0m&amp#27;[32m&amp#27;[1m"Home Page"&amp#27;[0m&amp#27;[32m is displayed&amp#27;[0m                                        &amp#27;[90m# com.LUMA.stepDefinitions.LogOutStepDefination.user_verifies_the_is_displayed(java.lang.String)&amp#27;[0m
Browser closed successfully
]]></system-out>
    <system-err><![CDATA[Mar 26, 2025 9:41:53 AM org.openqa.selenium.devtools.CdpVersionFinder findNearestMatch
WARNING: Unable to find an exact match for CDP version 134, returning the closest version; found: 133; Please update to a Selenium version that supports CDP version 134
]]></system-err>
  </testcase>
</testsuite>