<?xml version="1.0" encoding="UTF-8"?>
<!-- Generated by org.testng.reporters.JUnitReportReporter -->
<testsuite hostname="God-of-Mischeif" failures="0" tests="1" name="com.LUMA.testRunner.LumaCheckOutPageTestRunner" time="92.664" errors="1" timestamp="2025-03-24T09:12:12 IST" skipped="0">
  <testcase classname="com.LUMA.testRunner.LumaCheckOutPageTestRunner" name="runScenario" time="92.664">
    <error message="Cannot invoke &quot;org.openqa.selenium.WebElement.getText()&quot; because &quot;com.LUMA.pages.CheckoutPage.obj1.errorMessage&quot; is null" type="java.lang.NullPointerException">
      <![CDATA[java.lang.NullPointerException: Cannot invoke "org.openqa.selenium.WebElement.getText()" because "com.LUMA.pages.CheckoutPage.obj1.errorMessage" is null
at com.LUMA.pages.CheckoutPage.errorMessage(CheckoutPage.java:201)
at com.LUMA.stepDefinitions.CheckOutPageStepdefination.user_verify_any_error_message(CheckOutPageStepdefination.java:60)
at ✽.User Verify Any Error Message(file:///C:/Users/srikar/OneDrive/Desktop/WIPRO/phase%202/seleinum/LUMA/LUMA/src/test/resources/com.Luma.Feature/3s_Checkout.feature:17)
]]>
    </error>
  </testcase> <!-- runScenario -->
</testsuite> <!-- com.LUMA.testRunner.LumaCheckOutPageTestRunner -->
