<?xml version="1.0" encoding="UTF-8"?>
<testng-results ignored="0" total="5" passed="5" failed="0" skipped="0">
  <reporter-output>
  </reporter-output>
  <suite started-at="2025-03-24T10:27:48 IST" name="Default suite" finished-at="2025-03-24T10:29:49 IST" duration-ms="121098">
    <groups>
      <group name="cucumber">
        <method signature="AbstractTestNGCucumberTests.runScenario(io.cucumber.testng.PickleWrapper,io.cucumber.testng.FeatureWrapper)[pri:0, instance:com.LUMA.testRunner.LumaUserRegestrationTestRunner@54e041a4]" name="runScenario" class="io.cucumber.testng.AbstractTestNGCucumberTests"/>
      </group> <!-- cucumber -->
    </groups>
    <test started-at="2025-03-24T10:27:48 IST" name="Default test" finished-at="2025-03-24T10:29:49 IST" duration-ms="121098">
      <class name="com.LUMA.testRunner.LumaUserRegestrationTestRunner">
        <test-method is-config="true" signature="setUpClass(org.testng.ITestContext)[pri:0, instance:com.LUMA.testRunner.LumaUserRegestrationTestRunner@54e041a4]" started-at="2025-03-24T10:27:48 IST" name="setUpClass" finished-at="2025-03-24T10:27:49 IST" duration-ms="1102" status="PASS">
          <params>
            <param index="0">
              <value>
                <![CDATA[org.testng.TestRunner@1958524b]]>
              </value>
            </param>
          </params>
          <reporter-output>
          </reporter-output>
        </test-method> <!-- setUpClass -->
        <test-method signature="runScenario(io.cucumber.testng.PickleWrapper,io.cucumber.testng.FeatureWrapper)[pri:0, instance:com.LUMA.testRunner.LumaUserRegestrationTestRunner@54e041a4]" started-at="2025-03-24T10:27:49 IST" name="runScenario" description="Runs Cucumber Scenarios" data-provider="scenarios" finished-at="2025-03-24T10:28:05 IST" duration-ms="15476" status="PASS">
          <params>
            <param index="0">
              <value>
                <![CDATA["To check the Creating New Customer Account page with valid and invalid data"]]>
              </value>
            </param>
            <param index="1">
              <value>
                <![CDATA["Checking User Registration"]]>
              </value>
            </param>
          </params>
          <reporter-output>
          </reporter-output>
        </test-method> <!-- runScenario -->
        <test-method signature="runScenario(io.cucumber.testng.PickleWrapper,io.cucumber.testng.FeatureWrapper)[pri:0, instance:com.LUMA.testRunner.LumaUserRegestrationTestRunner@54e041a4]" started-at="2025-03-24T10:28:05 IST" name="runScenario" description="Runs Cucumber Scenarios" data-provider="scenarios" finished-at="2025-03-24T10:28:27 IST" duration-ms="21897" status="PASS">
          <params>
            <param index="0">
              <value>
                <![CDATA["To check the Sign In functionality, auto-suggestion feature in search, and addition of product to the cart"]]>
              </value>
            </param>
            <param index="1">
              <value>
                <![CDATA["Checking Login, Product Search, and Adding Product to Cart"]]>
              </value>
            </param>
          </params>
          <reporter-output>
          </reporter-output>
        </test-method> <!-- runScenario -->
        <test-method signature="runScenario(io.cucumber.testng.PickleWrapper,io.cucumber.testng.FeatureWrapper)[pri:0, instance:com.LUMA.testRunner.LumaUserRegestrationTestRunner@54e041a4]" started-at="2025-03-24T10:28:27 IST" name="runScenario" description="Runs Cucumber Scenarios" data-provider="scenarios" finished-at="2025-03-24T10:28:41 IST" duration-ms="14489" status="PASS">
          <params>
            <param index="0">
              <value>
                <![CDATA["To check the Login functionality with valid and invalid credentials"]]>
              </value>
            </param>
            <param index="1">
              <value>
                <![CDATA["Checking Login with Valid and Invalid Credentials"]]>
              </value>
            </param>
          </params>
          <reporter-output>
          </reporter-output>
        </test-method> <!-- runScenario -->
        <test-method signature="runScenario(io.cucumber.testng.PickleWrapper,io.cucumber.testng.FeatureWrapper)[pri:0, instance:com.LUMA.testRunner.LumaUserRegestrationTestRunner@54e041a4]" started-at="2025-03-24T10:28:41 IST" name="runScenario" description="Runs Cucumber Scenarios" data-provider="scenarios" finished-at="2025-03-24T10:29:28 IST" duration-ms="46964" status="PASS">
          <params>
            <param index="0">
              <value>
                <![CDATA["Adding Multiple Products to Cart & Validating Cart Summary"]]>
              </value>
            </param>
            <param index="1">
              <value>
                <![CDATA["Adding Multiple Products to Cart & Validating Cart Summary"]]>
              </value>
            </param>
          </params>
          <reporter-output>
          </reporter-output>
        </test-method> <!-- runScenario -->
        <test-method signature="runScenario(io.cucumber.testng.PickleWrapper,io.cucumber.testng.FeatureWrapper)[pri:0, instance:com.LUMA.testRunner.LumaUserRegestrationTestRunner@54e041a4]" started-at="2025-03-24T10:29:28 IST" name="runScenario" description="Runs Cucumber Scenarios" data-provider="scenarios" finished-at="2025-03-24T10:29:49 IST" duration-ms="20898" status="PASS">
          <params>
            <param index="0">
              <value>
                <![CDATA["To check the Logout functionality"]]>
              </value>
            </param>
            <param index="1">
              <value>
                <![CDATA["Checking Logout Functionality"]]>
              </value>
            </param>
          </params>
          <reporter-output>
          </reporter-output>
        </test-method> <!-- runScenario -->
        <test-method is-config="true" signature="tearDownClass()[pri:0, instance:com.LUMA.testRunner.LumaUserRegestrationTestRunner@54e041a4]" started-at="2025-03-24T10:29:49 IST" name="tearDownClass" finished-at="2025-03-24T10:29:49 IST" duration-ms="36" status="PASS">
          <reporter-output>
          </reporter-output>
        </test-method> <!-- tearDownClass -->
      </class> <!-- com.LUMA.testRunner.LumaUserRegestrationTestRunner -->
    </test> <!-- Default test -->
  </suite> <!-- Default suite -->
</testng-results>
